<?xml version="1.0" encoding="UTF-8"?>
<testsuite name="com.example.ServerTest" tests="1" skipped="0" failures="0" errors="0" timestamp="2026-09-08T13:34:44.999Z" hostname="Trevors-MacBook-Air.local" time="1.011">
  <properties/>
  <testcase name="test root endpoint" classname="com.example.ServerTest" time="1.008"/>
  <system-out><![CDATA[2026-09-08 16:34:45.543 [DefaultDispatcher-worker-2 @coroutine#4] INFO  [Koin] - Started 1 definitions in 1.937 ms
]]></system-out>
  <system-err><![CDATA[]]></system-err>
</testsuite>
